<?xml version="1.0" encoding="UTF-8"?>
<!-- Generated by org.testng.reporters.JUnitXMLReporter -->
<testsuite hostname="deadpool" name="Command line test" tests="6" failures="0" timestamp="24 Oct 2019 13:08:46 GMT" time="25.21" errors="0">
  <testcase name="verifyButtonIDsChangeAfterClick" time="1.491" classname="bjss.shorttechtest.testframework.UITest"/>
  <testcase name="verifyTheHelloWorldMessageDisplay" time="6.344" classname="bjss.shorttechtest.testframework.UITest"/>
  <testcase name="createUserThroughAPI" time="2.305" classname="bjss.shorttechtest.testframework.APITest"/>
  <testcase name="retrieveAllEmployees" time="0.547" classname="bjss.shorttechtest.testframework.APITest"/>
  <testcase name="retrieveCreatedEmployee" time="0.615" classname="bjss.shorttechtest.testframework.APITest"/>
  <testcase name="deleteCreatedEmployee" time="0.477" classname="bjss.shorttechtest.testframework.APITest"/>
</testsuite> <!-- Command line test -->
