<?xml version="1.0" encoding="UTF-8"?>
<!-- Generated by org.testng.reporters.JUnitXMLReporter -->
<testsuite hostname="deadpool" name="Command line test" tests="6" failures="0" timestamp="24 Oct 2019 08:33:25 GMT" time="25.423" errors="0">
  <testcase name="verifyButtonIDsChangeAfterClickingRedButton" time="1.925" classname="bjss.shorttechtest.testframework.UITest"/>
  <testcase name="verifyTheHelloWorldMessageDisplayAfterRender" time="6.39" classname="bjss.shorttechtest.testframework.UITest"/>
  <testcase name="createUserThroughAPI" time="2.507" classname="bjss.shorttechtest.testframework.APITest"/>
  <testcase name="retrieveAllEmployees" time="0.569" classname="bjss.shorttechtest.testframework.APITest"/>
  <testcase name="retrieveCreatedEmployee" time="0.525" classname="bjss.shorttechtest.testframework.APITest"/>
  <testcase name="deleteCreatedEmployee" time="0.527" classname="bjss.shorttechtest.testframework.APITest"/>
</testsuite> <!-- Command line test -->
